<?xml version="1.0" encoding="UTF-8"?>
<!-- Generated by org.testng.reporters.JUnitReportReporter -->
<testsuite skipped="0" hostname="RSG-LeVApbfToEX" name="testScenarios.HomeTest" tests="3" failures="0" timestamp="2021-10-17T23:18:01 BST" time="14.580" errors="0">
  <testcase name="fillCustomerDetailsWithSingleOccupation" time="3.315" classname="testScenarios.HomeTest"/>
  <system-out>
<li><font color='#00529B'>Select drop down by visible txt: Mr</font></li> <li><font color='#00529B'>enter text into the locator By.xpath: //div[contains(@class,'row question-row-first-name')]//input[contains(@type,'text')]</font></li> <li><font color='#00529B'>enter text into the locator By.xpath: //div[contains(@class,'row question-row-last-name')]//input[contains(@type,'text')]</font></li> <li><font color='#00529B'>Select drop down by visible txt: 7</font></li> <li><font color='#00529B'>Select drop down by visible txt: July</font></li> <li><font color='#00529B'>Select drop down by visible txt: 1977</font></li> <li><font color='#00529B'>Select drop down by visible txt: Married</font></li> <li><font color='#00529B'>enter text into the locator By.xpath: //div[contains(@class,'row question-row-what-is-your-occupat')]//input[contains(@type,'text')]</font></li> <li><font color='#00529B'>click on the locator By.xpath: //li[contains(text(),'Police Officer')]</font></li> <li><font color='#00529B'>click on the locator By.xpath: //div[contains(@class,'row question-row-do-you-have-another')]//button[contains(text(),'No')]</font></li> <li><font color='#00529B'>enter text into the locator By.xpath: //div[contains(@class,'row question-row-main-phone-number')]//input[contains(@type,'text')]</font></li> <li><font color='#00529B'>enter text into the locator By.xpath: //div[contains(@class,'row question-row-what-is-your-e-mail')]//input[contains(@type,'text')]</font></li>  </system-out>
  <testcase name="validateContactDetails" time="3.888" classname="testScenarios.HomeTest"/>
  <system-out>
<li><font color='#00529B'>Select drop down by visible txt: Mr</font></li> <li><font color='#00529B'>enter text into the locator By.xpath: //div[contains(@class,'row question-row-first-name')]//input[contains(@type,'text')]</font></li> <li><font color='#00529B'>enter text into the locator By.xpath: //div[contains(@class,'row question-row-last-name')]//input[contains(@type,'text')]</font></li> <li><font color='#00529B'>Select drop down by visible txt: 7</font></li> <li><font color='#00529B'>Select drop down by visible txt: July</font></li> <li><font color='#00529B'>Select drop down by visible txt: 1977</font></li> <li><font color='#00529B'>Select drop down by visible txt: Married</font></li> <li><font color='#00529B'>enter text into the locator By.xpath: //div[contains(@class,'row question-row-what-is-your-occupat')]//input[contains(@type,'text')]</font></li> <li><font color='#00529B'>click on the locator By.xpath: //li[contains(text(),'Police Officer')]</font></li> <li><font color='#00529B'>click on the locator By.xpath: //div[contains(@class,'row question-row-do-you-have-another')]//button[contains(text(),'No')]</font></li> <li><font color='#00529B'>enter text into the locator By.xpath: //div[contains(@class,'row question-row-main-phone-number')]//input[contains(@type,'text')]</font></li> <li><font color='#00529B'>enter text into the locator By.xpath: //div[contains(@class,'row question-row-what-is-your-e-mail')]//input[contains(@type,'text')]</font></li> <li><font color='#00529B'>enter text into the locator By.xpath: //div[contains(@class,'row question-row-main-phone-number')]//input[contains(@type,'text')]</font></li>  </system-out>
  <testcase name="fillCustomerDetailsWithDualOccupation" time="7.377" classname="testScenarios.HomeTest"/>
  <system-out>
<li><font color='#00529B'>Select drop down by visible txt: Mr</font></li> <li><font color='#00529B'>enter text into the locator By.xpath: //div[contains(@class,'row question-row-first-name')]//input[contains(@type,'text')]</font></li> <li><font color='#00529B'>enter text into the locator By.xpath: //div[contains(@class,'row question-row-last-name')]//input[contains(@type,'text')]</font></li> <li><font color='#00529B'>Select drop down by visible txt: 7</font></li> <li><font color='#00529B'>Select drop down by visible txt: July</font></li> <li><font color='#00529B'>Select drop down by visible txt: 1977</font></li> <li><font color='#00529B'>Select drop down by visible txt: Married</font></li> <li><font color='#00529B'>enter text into the locator By.xpath: //div[contains(@class,'row question-row-what-is-your-occupat')]//input[contains(@type,'text')]</font></li> <li><font color='#00529B'>click on the locator By.xpath: //li[contains(text(),'Police Officer')]</font></li> <li><font color='#00529B'>enter text into the locator By.xpath: //div[contains(@class,'row question-row-main-phone-number')]//input[contains(@type,'text')]</font></li> <li><font color='#00529B'>enter text into the locator By.xpath: //div[contains(@class,'row question-row-what-is-your-e-mail')]//input[contains(@type,'text')]</font></li> <li><font color='#00529B'>click on the locator By.xpath: //div[contains(@class,'row question-row-do-you-have-another')]//button[contains(text(),'Yes')]</font></li> <li><font color='#00529B'>enter text into the locator By.xpath: //div[contains(@class,'row question-row-what-is-your-other-o')]//input[contains(@type,'text')]</font></li> <li><font color='#00529B'>click on the locator By.xpath: //li[contains(text(),'Actor or Actress')]</font></li>  </system-out>
</testsuite> <!-- testScenarios.HomeTest -->
